0 info it worked if it ends with ok
1 verbose cli [ 'node', '/usr/local/bin/npm', 'install', '--save', 'faced' ]
2 info using npm@2.10.1
3 info using node@v0.12.4
4 verbose install initial load of /Users/John/Documents/Face-the-Internet/package.json
5 verbose installManyTop reading scoped package data from /Users/John/Documents/Face-the-Internet/node_modules/bower/package.json
6 verbose installManyTop reading scoped package data from /Users/John/Documents/Face-the-Internet/node_modules/express.io/package.json
7 verbose installManyTop reading scoped package data from /Users/John/Documents/Face-the-Internet/node_modules/fs/package.json
8 verbose installManyTop reading scoped package data from /Users/John/Documents/Face-the-Internet/node_modules/gm/package.json
9 verbose installManyTop reading scoped package data from /Users/John/Documents/Face-the-Internet/node_modules/mkdirp/package.json
10 info package.json fs@0.0.2 fs is also the name of a node core module.
11 info package.json fs@0.0.2 No description
12 info package.json fs@0.0.2 No repository field.
13 info package.json fs@0.0.2 No README data
14 info package.json express.io@1.1.13 No license field.
15 info package.json bower@1.4.1 No license field.
16 verbose readDependencies loading dependencies from /Users/John/Documents/Face-the-Internet/package.json
17 silly cache add args [ 'faced', null ]
18 verbose cache add spec faced
19 silly cache add parsed spec { raw: 'faced',
19 silly cache add   scope: null,
19 silly cache add   name: 'faced',
19 silly cache add   rawSpec: '',
19 silly cache add   spec: '*',
19 silly cache add   type: 'range' }
20 silly addNamed faced@*
21 verbose addNamed "*" is a valid semver range for faced
22 silly addNameRange { name: 'faced', range: '*', hasData: false }
23 silly mapToRegistry name faced
24 silly mapToRegistry using default registry
25 silly mapToRegistry registry https://registry.npmjs.org/
26 silly mapToRegistry uri https://registry.npmjs.org/faced
27 verbose addNameRange registry:https://registry.npmjs.org/faced not in flight; fetching
28 verbose request uri https://registry.npmjs.org/faced
29 verbose request no auth needed
30 info attempt registry request try #1 at 2:45:10 PM
31 verbose request id e4ea174568e42932
32 verbose etag "5HRHNC0YXTXXBUUYXP4OBYMGR"
33 http request GET https://registry.npmjs.org/faced
34 http 304 https://registry.npmjs.org/faced
35 silly get cb [ 304,
35 silly get   { date: 'Tue, 23 Jun 2015 12:45:11 GMT',
35 silly get     via: '1.1 varnish',
35 silly get     'cache-control': 'max-age=60',
35 silly get     etag: '"5HRHNC0YXTXXBUUYXP4OBYMGR"',
35 silly get     age: '0',
35 silly get     connection: 'keep-alive',
35 silly get     'x-served-by': 'cache-fra1230-FRA',
35 silly get     'x-cache': 'MISS',
35 silly get     'x-cache-hits': '0',
35 silly get     'x-timer': 'S1435063511.424276,VS0,VE388',
35 silly get     vary: 'Accept' } ]
36 verbose etag https://registry.npmjs.org/faced from cache
37 verbose get saving faced to /Users/John/.npm/registry.npmjs.org/faced/.cache.json
38 silly addNameRange number 2 { name: 'faced', range: '*', hasData: true }
39 silly addNameRange versions [ 'faced',
39 silly addNameRange   [ '0.0.1',
39 silly addNameRange     '0.0.2',
39 silly addNameRange     '1.0.0',
39 silly addNameRange     '1.0.1',
39 silly addNameRange     '1.1.0',
39 silly addNameRange     '1.1.1',
39 silly addNameRange     '1.1.2',
39 silly addNameRange     '1.1.3' ] ]
40 silly addNamed faced@1.1.3
41 verbose addNamed "1.1.3" is a plain semver version for faced
42 silly cache afterAdd faced@1.1.3
43 verbose afterAdd /Users/John/.npm/faced/1.1.3/package/package.json not in flight; writing
44 verbose afterAdd /Users/John/.npm/faced/1.1.3/package/package.json written
45 silly install resolved [ { name: 'faced',
45 silly install resolved     version: '1.1.3',
45 silly install resolved     description: 'light-weight library for face recognition including features such as eyes, nose and mouth.',
45 silly install resolved     main: 'lib/faced.js',
45 silly install resolved     directories: { example: 'examples' },
45 silly install resolved     dependencies: { opencv: '~0.3.1', underscore: '~1.4.4' },
45 silly install resolved     devDependencies: {},
45 silly install resolved     scripts: { test: 'echo "Error: no test specified" && exit 1' },
45 silly install resolved     repository: { type: 'git', url: 'git://github.com/gordalina/faced.git' },
45 silly install resolved     keywords:
45 silly install resolved      [ 'face',
45 silly install resolved        'face detection',
45 silly install resolved        'face recognition',
45 silly install resolved        'face identification',
45 silly install resolved        'detection',
45 silly install resolved        'recognition' ],
45 silly install resolved     author: { name: 'Samuel Gordalina' },
45 silly install resolved     license: 'MIT',
45 silly install resolved     readme: '# faced\n\nfaced is a light-weight library for face recognition including features such as eyes, nose and mouth. It requires opencv.\n\n![](https://raw.github.com/gordalina/faced/master/images/lenna.features.png)\n\nFace is outlined in **black**, the eyes are **red** & **green** for left and right respectively, the nose is outlined in **white** and the mouth in **blue**.\n\n## Dependencies\n\n### OpenCV\nMake sure you have [OpenCV](http://opencv.org/downloads.html) installed on your machine.\n\nFor MacOS X you can use [Homebrew](http://brew.sh)\n\n```\n$ brew tap homebrew/science\n$ brew install opencv\n```\n\n## Installation\n\n### As a dependency to your project\nJust add `"faced": "1.x",` to your dependencies list in `package.json`.\n\n### Globally\n`npm install -g faced`\n\n## Identify your first face\n\n```javascript\nvar faced = new Faced();\nfaced.detect(\'image.jpg\', function (faces, image, file) {\n  if (!faces) {\n    return console.log("No faces found!");\n  }\n\n  var face = sface[0];\n\n  console.log(\n    "Found a face at %d,%d with dimensions %dx%d",\n    face.getX(),\n    face.getY(),\n    face.getWidth(),\n    face.getHeight()\n  );\n\n  console.log(\n    "What a pretty face, it %s a mouth, it %s a nose, it % a left eye and it %s a right eye!",\n    face.getMouth() ? "has" : "does not have",\n    face.getNose() ? "has" : "does not have",\n    face.getEyeLeft() ? "has" : "does not have",\n    face.getEyeRight() ? "has" : "does not have",\n  );\n});\n```\n\nIts that simple! See the program used to [generate the above image](https://github.com/gordalina/faced/blob/master/examples/identify.js)\n\n## API\n\n### Faced.detect(source, function, context)\n\nLoads an image from `source` which can be a file path or a buffer and executes `function` upon completion.\n\nThe callback function expects a prototype like `function (faces, image, file) { }`, where the first is an array of `Face`, the second is a `Matrix` [object from opencv](https://npmjs.org/package/opencv#readme) and the third is the path of the image.\n\nIn case of error the arguments `faces` and `image` will be `undefined`.\n\n### Class `Feature`\n - `Feature.getX()` Returns the upper left corner X position of the face\n - `Feature.getY()` Returns the upper left corner Y position of the face\n - `Feature.getX2()` Returns the lower right corner X position of the face\n - `Feature.getY2()` Returns the lower right conrner Y position of the face\n - `Feature.getWidth()` Returns the width\n - `Feature.getHeight()` Returns the height\n - `Feature.intersect(Feature)` Returns the percentage of shared spaced that the current feature has with the given argument Feature. *Although this is used internally it might be useful for client usage.*\n\n### Class `Face` (extends `Feature`)\n\nAll of the following method1s return an instance of `Feture` or `undefined` if it could not detect.\n\n - `Face.getMouth()`\n - `Face.getNose()`\n - `Face.getEyeLeft()`\n - `Face.getEyeRight()`\n\nOther significant methods\n\n - `Face.getFeature(name)` Returns a feature by name. Possible names are: `mouth`, `nose`, `eyeLeft` and `eyeRight`.\n - `Face.getFeatures()` Returns an array of `Feature` that the instance has detected.\n - `Face.getFeatureCount()` Returns the number of detected features.\n\n## Examples\n\n```bash\n$ node examples/identify.js images/lenna.png\n```\n\nThen open `images/lenna.features.png` on your favourite image viewer.\n\n## Information\n\n#### License\n\nfaced is licensed under the [MIT license](http://opensource.org/licenses/MIT)\n\n#### Copyright\n\nCopyright (c) 2013, Samuel Gordalina <samuel.gordalina@gmail.com>\n',
45 silly install resolved     readmeFilename: 'README.md',
45 silly install resolved     bugs: { url: 'https://github.com/gordalina/faced/issues' },
45 silly install resolved     _id: 'faced@1.1.3',
45 silly install resolved     dist:
45 silly install resolved      { shasum: 'd4cf2202ba66f9065afb5ccc6883ae4b37d39bcb',
45 silly install resolved        tarball: 'http://registry.npmjs.org/faced/-/faced-1.1.3.tgz' },
45 silly install resolved     _from: 'faced@*',
45 silly install resolved     _npmVersion: '1.2.32',
45 silly install resolved     _npmUser: { name: 'gordalina', email: 'samuel.gordalina@gmail.com' },
45 silly install resolved     maintainers: [ [Object] ],
45 silly install resolved     _shasum: 'd4cf2202ba66f9065afb5ccc6883ae4b37d39bcb',
45 silly install resolved     _resolved: 'https://registry.npmjs.org/faced/-/faced-1.1.3.tgz',
45 silly install resolved     homepage: 'https://github.com/gordalina/faced#readme' } ]
46 info install faced@1.1.3 into /Users/John/Documents/Face-the-Internet
47 info installOne faced@1.1.3
48 verbose installOne of faced to /Users/John/Documents/Face-the-Internet not in flight; installing
49 verbose lock using /Users/John/.npm/_locks/faced-4c9f2a736f8787aa.lock for /Users/John/Documents/Face-the-Internet/node_modules/faced
50 silly install write writing faced 1.1.3 to /Users/John/Documents/Face-the-Internet/node_modules/faced
51 verbose unbuild node_modules/faced
52 silly gentlyRm /Users/John/Documents/Face-the-Internet/node_modules/faced is being purged from base /Users/John/Documents/Face-the-Internet
53 verbose gentlyRm don't care about contents; nuking /Users/John/Documents/Face-the-Internet/node_modules/faced
54 verbose tar unpack /Users/John/.npm/faced/1.1.3/package.tgz
55 verbose tar unpacking to /Users/John/Documents/Face-the-Internet/node_modules/faced
56 silly gentlyRm /Users/John/Documents/Face-the-Internet/node_modules/faced is being purged
57 verbose gentlyRm don't care about contents; nuking /Users/John/Documents/Face-the-Internet/node_modules/faced
58 silly gunzTarPerm modes [ '755', '644' ]
59 silly gunzTarPerm extractEntry package.json
60 silly gunzTarPerm extractEntry .npmignore
61 silly gunzTarPerm extractEntry README.md
62 silly gunzTarPerm extractEntry LICENSE
63 silly gunzTarPerm extractEntry examples/identify.js
64 silly gunzTarPerm extractEntry images/gioconda.jpg
65 silly gunzTarPerm extractEntry images/lenna.features.png
66 silly gunzTarPerm extractEntry images/lenna.png
67 silly gunzTarPerm extractEntry lib/detector.js
68 silly gunzTarPerm extractEntry lib/face.js
69 silly gunzTarPerm extractEntry lib/faced.js
70 silly gunzTarPerm extractEntry lib/feature.js
71 verbose write writing to /Users/John/Documents/Face-the-Internet/node_modules/faced/package.json
72 info preinstall faced@1.1.3
73 verbose readDependencies loading dependencies from /Users/John/Documents/Face-the-Internet/node_modules/faced/package.json
74 silly prepareForInstallMany adding opencv@~0.3.1 from faced dependencies
75 silly prepareForInstallMany adding underscore@~1.4.4 from faced dependencies
76 verbose readDependencies loading dependencies from /Users/John/Documents/Face-the-Internet/node_modules/faced/package.json
77 silly cache add args [ 'opencv@~0.3.1', null ]
78 verbose cache add spec opencv@~0.3.1
79 silly cache add args [ 'underscore@~1.4.4', null ]
80 verbose cache add spec underscore@~1.4.4
81 silly cache add parsed spec { raw: 'opencv@~0.3.1',
81 silly cache add   scope: null,
81 silly cache add   name: 'opencv',
81 silly cache add   rawSpec: '~0.3.1',
81 silly cache add   spec: '>=0.3.1 <0.4.0',
81 silly cache add   type: 'range' }
82 silly addNamed opencv@>=0.3.1 <0.4.0
83 verbose addNamed ">=0.3.1 <0.4.0" is a valid semver range for opencv
84 silly addNameRange { name: 'opencv', range: '>=0.3.1 <0.4.0', hasData: false }
85 silly mapToRegistry name opencv
86 silly mapToRegistry using default registry
87 silly mapToRegistry registry https://registry.npmjs.org/
88 silly mapToRegistry uri https://registry.npmjs.org/opencv
89 verbose addNameRange registry:https://registry.npmjs.org/opencv not in flight; fetching
90 silly cache add parsed spec { raw: 'underscore@~1.4.4',
90 silly cache add   scope: null,
90 silly cache add   name: 'underscore',
90 silly cache add   rawSpec: '~1.4.4',
90 silly cache add   spec: '>=1.4.4 <1.5.0',
90 silly cache add   type: 'range' }
91 silly addNamed underscore@>=1.4.4 <1.5.0
92 verbose addNamed ">=1.4.4 <1.5.0" is a valid semver range for underscore
93 silly addNameRange { name: 'underscore', range: '>=1.4.4 <1.5.0', hasData: false }
94 silly mapToRegistry name underscore
95 silly mapToRegistry using default registry
96 silly mapToRegistry registry https://registry.npmjs.org/
97 silly mapToRegistry uri https://registry.npmjs.org/underscore
98 verbose addNameRange registry:https://registry.npmjs.org/underscore not in flight; fetching
99 verbose request uri https://registry.npmjs.org/opencv
100 verbose request no auth needed
101 info attempt registry request try #1 at 2:45:11 PM
102 verbose etag "EU9VYNXXJ3VJMXKWP6IMX4VU2"
103 http request GET https://registry.npmjs.org/opencv
104 verbose request uri https://registry.npmjs.org/underscore
105 verbose request no auth needed
106 info attempt registry request try #1 at 2:45:11 PM
107 verbose etag "1Z77DPZDLMEVTGZV2EV9JGFN6"
108 http request GET https://registry.npmjs.org/underscore
109 http 304 https://registry.npmjs.org/underscore
110 silly get cb [ 304,
110 silly get   { date: 'Tue, 23 Jun 2015 12:45:12 GMT',
110 silly get     via: '1.1 varnish',
110 silly get     'cache-control': 'max-age=60',
110 silly get     etag: '"1Z77DPZDLMEVTGZV2EV9JGFN6"',
110 silly get     age: '59',
110 silly get     connection: 'keep-alive',
110 silly get     'x-served-by': 'cache-fra1221-FRA',
110 silly get     'x-cache': 'HIT',
110 silly get     'x-cache-hits': '4',
110 silly get     'x-timer': 'S1435063512.303878,VS0,VE0',
110 silly get     vary: 'Accept' } ]
111 verbose etag https://registry.npmjs.org/underscore from cache
112 verbose get saving underscore to /Users/John/.npm/registry.npmjs.org/underscore/.cache.json
113 silly addNameRange number 2 { name: 'underscore', range: '>=1.4.4 <1.5.0', hasData: true }
114 silly addNameRange versions [ 'underscore',
114 silly addNameRange   [ '1.0.3',
114 silly addNameRange     '1.0.4',
114 silly addNameRange     '1.1.0',
114 silly addNameRange     '1.1.1',
114 silly addNameRange     '1.1.2',
114 silly addNameRange     '1.1.3',
114 silly addNameRange     '1.1.4',
114 silly addNameRange     '1.1.5',
114 silly addNameRange     '1.1.6',
114 silly addNameRange     '1.1.7',
114 silly addNameRange     '1.2.0',
114 silly addNameRange     '1.2.1',
114 silly addNameRange     '1.2.2',
114 silly addNameRange     '1.2.3',
114 silly addNameRange     '1.2.4',
114 silly addNameRange     '1.3.0',
114 silly addNameRange     '1.3.1',
114 silly addNameRange     '1.3.2',
114 silly addNameRange     '1.3.3',
114 silly addNameRange     '1.4.0',
114 silly addNameRange     '1.4.1',
114 silly addNameRange     '1.4.2',
114 silly addNameRange     '1.4.3',
114 silly addNameRange     '1.4.4',
114 silly addNameRange     '1.5.0',
114 silly addNameRange     '1.5.1',
114 silly addNameRange     '1.5.2',
114 silly addNameRange     '1.6.0',
114 silly addNameRange     '1.7.0',
114 silly addNameRange     '1.8.0',
114 silly addNameRange     '1.8.1',
114 silly addNameRange     '1.8.2',
114 silly addNameRange     '1.8.3' ] ]
115 silly addNamed underscore@1.4.4
116 verbose addNamed "1.4.4" is a plain semver version for underscore
117 silly cache afterAdd underscore@1.4.4
118 verbose afterAdd /Users/John/.npm/underscore/1.4.4/package/package.json not in flight; writing
119 verbose afterAdd /Users/John/.npm/underscore/1.4.4/package/package.json written
120 http 304 https://registry.npmjs.org/opencv
121 silly get cb [ 304,
121 silly get   { date: 'Tue, 23 Jun 2015 12:45:12 GMT',
121 silly get     via: '1.1 varnish',
121 silly get     'cache-control': 'max-age=60',
121 silly get     etag: '"EU9VYNXXJ3VJMXKWP6IMX4VU2"',
121 silly get     age: '0',
121 silly get     connection: 'keep-alive',
121 silly get     'x-served-by': 'cache-fra1245-FRA',
121 silly get     'x-cache': 'MISS',
121 silly get     'x-cache-hits': '0',
121 silly get     'x-timer': 'S1435063512.290742,VS0,VE720',
121 silly get     vary: 'Accept' } ]
122 verbose etag https://registry.npmjs.org/opencv from cache
123 verbose get saving opencv to /Users/John/.npm/registry.npmjs.org/opencv/.cache.json
124 silly addNameRange number 2 { name: 'opencv', range: '>=0.3.1 <0.4.0', hasData: true }
125 silly addNameRange versions [ 'opencv',
125 silly addNameRange   [ '0.0.1',
125 silly addNameRange     '0.0.2',
125 silly addNameRange     '0.0.3',
125 silly addNameRange     '0.0.4',
125 silly addNameRange     '0.0.5',
125 silly addNameRange     '0.0.6',
125 silly addNameRange     '0.0.7',
125 silly addNameRange     '0.0.8',
125 silly addNameRange     '0.0.9',
125 silly addNameRange     '0.0.10',
125 silly addNameRange     '0.0.11',
125 silly addNameRange     '0.0.12',
125 silly addNameRange     '0.1.0',
125 silly addNameRange     '0.2.0',
125 silly addNameRange     '0.3.0',
125 silly addNameRange     '0.3.1',
125 silly addNameRange     '0.4.0',
125 silly addNameRange     '0.5.0',
125 silly addNameRange     '0.6.0',
125 silly addNameRange     '0.7.0',
125 silly addNameRange     '1.0.0',
125 silly addNameRange     '2.0.0',
125 silly addNameRange     '3.0.0' ] ]
126 silly addNamed opencv@0.3.1
127 verbose addNamed "0.3.1" is a plain semver version for opencv
128 silly cache afterAdd opencv@0.3.1
129 verbose afterAdd /Users/John/.npm/opencv/0.3.1/package/package.json not in flight; writing
130 verbose afterAdd /Users/John/.npm/opencv/0.3.1/package/package.json written
131 silly install resolved [ { name: 'underscore',
131 silly install resolved     description: 'JavaScript\'s functional programming helper library.',
131 silly install resolved     homepage: 'http://underscorejs.org',
131 silly install resolved     keywords: [ 'util', 'functional', 'server', 'client', 'browser' ],
131 silly install resolved     author: { name: 'Jeremy Ashkenas', email: 'jeremy@documentcloud.org' },
131 silly install resolved     repository:
131 silly install resolved      { type: 'git',
131 silly install resolved        url: 'git://github.com/documentcloud/underscore.git' },
131 silly install resolved     main: 'underscore.js',
131 silly install resolved     version: '1.4.4',
131 silly install resolved     devDependencies: { phantomjs: '0.2.2' },
131 silly install resolved     scripts: { test: 'phantomjs test/vendor/runner.js test/index.html?noglobals=true' },
131 silly install resolved     _id: 'underscore@1.4.4',
131 silly install resolved     dist:
131 silly install resolved      { shasum: '61a6a32010622afa07963bf325203cf12239d604',
131 silly install resolved        tarball: 'http://registry.npmjs.org/underscore/-/underscore-1.4.4.tgz' },
131 silly install resolved     _npmVersion: '1.1.63',
131 silly install resolved     _npmUser: { name: 'jashkenas', email: 'jashkenas@gmail.com' },
131 silly install resolved     maintainers: [ [Object] ],
131 silly install resolved     directories: {},
131 silly install resolved     _shasum: '61a6a32010622afa07963bf325203cf12239d604',
131 silly install resolved     _resolved: 'https://registry.npmjs.org/underscore/-/underscore-1.4.4.tgz',
131 silly install resolved     _from: 'underscore@>=1.4.4 <1.5.0',
131 silly install resolved     bugs: { url: 'https://github.com/documentcloud/underscore/issues' },
131 silly install resolved     readme: 'ERROR: No README data found!' },
131 silly install resolved   { name: 'opencv',
131 silly install resolved     description: 'Node Bindings to OpenCV',
131 silly install resolved     author: { name: 'Peter Braden', email: 'peterbraden@peterbraden.co.uk' },
131 silly install resolved     dependencies: { buffers: '0.1.1' },
131 silly install resolved     version: '0.3.1',
131 silly install resolved     devDependencies: { vows: '*' },
131 silly install resolved     engine: 'node >= 0.4.1',
131 silly install resolved     scripts:
131 silly install resolved      { preinstall: 'node-gyp clean rebuild',
131 silly install resolved        test: 'vows test/unit.js' },
131 silly install resolved     keywords: [ 'opencv', 'computer', 'vision', 'quadrocopter' ],
131 silly install resolved     main: './lib/opencv',
131 silly install resolved     _id: 'opencv@0.3.1',
131 silly install resolved     dist:
131 silly install resolved      { shasum: 'f6aa03ee52ac6acbf9d5385e98df00e836263d7d',
131 silly install resolved        tarball: 'http://registry.npmjs.org/opencv/-/opencv-0.3.1.tgz' },
131 silly install resolved     _npmVersion: '1.1.63',
131 silly install resolved     _npmUser: { name: 'peterbraden', email: 'peterbraden@peterbraden.co.uk' },
131 silly install resolved     maintainers: [ [Object] ],
131 silly install resolved     directories: {},
131 silly install resolved     _shasum: 'f6aa03ee52ac6acbf9d5385e98df00e836263d7d',
131 silly install resolved     _resolved: 'https://registry.npmjs.org/opencv/-/opencv-0.3.1.tgz',
131 silly install resolved     _from: 'opencv@>=0.3.1 <0.4.0',
131 silly install resolved     readme: 'ERROR: No README data found!' } ]
132 info install underscore@1.4.4 into /Users/John/Documents/Face-the-Internet/node_modules/faced
133 info install opencv@0.3.1 into /Users/John/Documents/Face-the-Internet/node_modules/faced
134 info installOne underscore@1.4.4
135 verbose installOne of underscore to /Users/John/Documents/Face-the-Internet/node_modules/faced not in flight; installing
136 info installOne opencv@0.3.1
137 verbose installOne of opencv to /Users/John/Documents/Face-the-Internet/node_modules/faced not in flight; installing
138 verbose lock using /Users/John/.npm/_locks/underscore-f9e5894ba14522e1.lock for /Users/John/Documents/Face-the-Internet/node_modules/faced/node_modules/underscore
139 verbose lock using /Users/John/.npm/_locks/opencv-7c085c30d7b3bb47.lock for /Users/John/Documents/Face-the-Internet/node_modules/faced/node_modules/opencv
140 silly install write writing underscore 1.4.4 to /Users/John/Documents/Face-the-Internet/node_modules/faced/node_modules/underscore
141 silly install write writing opencv 0.3.1 to /Users/John/Documents/Face-the-Internet/node_modules/faced/node_modules/opencv
142 verbose unbuild node_modules/faced/node_modules/underscore
143 verbose unbuild node_modules/faced/node_modules/opencv
144 silly gentlyRm /Users/John/Documents/Face-the-Internet/node_modules/faced/node_modules/underscore is being purged from base /Users/John/Documents/Face-the-Internet
145 verbose gentlyRm don't care about contents; nuking /Users/John/Documents/Face-the-Internet/node_modules/faced/node_modules/underscore
146 silly gentlyRm /Users/John/Documents/Face-the-Internet/node_modules/faced/node_modules/opencv is being purged from base /Users/John/Documents/Face-the-Internet
147 verbose gentlyRm don't care about contents; nuking /Users/John/Documents/Face-the-Internet/node_modules/faced/node_modules/opencv
148 verbose tar unpack /Users/John/.npm/underscore/1.4.4/package.tgz
149 verbose tar unpacking to /Users/John/Documents/Face-the-Internet/node_modules/faced/node_modules/underscore
150 silly gentlyRm /Users/John/Documents/Face-the-Internet/node_modules/faced/node_modules/underscore is being purged
151 verbose gentlyRm don't care about contents; nuking /Users/John/Documents/Face-the-Internet/node_modules/faced/node_modules/underscore
152 verbose tar unpack /Users/John/.npm/opencv/0.3.1/package.tgz
153 verbose tar unpacking to /Users/John/Documents/Face-the-Internet/node_modules/faced/node_modules/opencv
154 silly gentlyRm /Users/John/Documents/Face-the-Internet/node_modules/faced/node_modules/opencv is being purged
155 verbose gentlyRm don't care about contents; nuking /Users/John/Documents/Face-the-Internet/node_modules/faced/node_modules/opencv
156 silly gunzTarPerm modes [ '755', '644' ]
157 silly gunzTarPerm modes [ '755', '644' ]
158 silly gunzTarPerm extractEntry package.json
159 silly gunzTarPerm extractEntry package.json
160 silly gunzTarPerm extractEntry .npmignore
161 silly gunzTarPerm extractEntry README.md
162 silly gunzTarPerm extractEntry .npmignore
163 silly gunzTarPerm extractEntry README.md
164 silly gunzTarPerm extractEntry Dockerfile
165 silly gunzTarPerm extractEntry .package.json.un~
166 silly gunzTarPerm extractEntry LICENSE
167 silly gunzTarPerm extractEntry underscore-min.js
168 silly gunzTarPerm extractEntry .README.md.un~
169 silly gunzTarPerm extractEntry .temp.coffee.un~
170 silly gunzTarPerm extractEntry underscore.js
171 silly gunzTarPerm extractEntry index.js
172 silly gunzTarPerm extractEntry .travis.yml
173 silly gunzTarPerm extractEntry .temp.js.un~
174 silly gunzTarPerm extractEntry .travis.yml
175 silly gunzTarPerm extractEntry index.html
176 silly gunzTarPerm extractEntry favicon.ico
177 silly gunzTarPerm extractEntry binding.gyp
178 silly gunzTarPerm extractEntry data/haarcascade_mcs_eyepair_big.xml
179 silly gunzTarPerm extractEntry data/haarcascade_eye.xml
180 silly gunzTarPerm extractEntry CONTRIBUTING.md
181 silly gunzTarPerm extractEntry CNAME
182 silly gunzTarPerm extractEntry data/haarcascade_frontalface_alt.xml
183 silly gunzTarPerm extractEntry data/haarcascade_frontalface_alt2.xml
184 silly gunzTarPerm extractEntry data/haarcascade_frontalface_alt_tree.xml
185 verbose write writing to /Users/John/Documents/Face-the-Internet/node_modules/faced/node_modules/underscore/package.json
186 info preinstall underscore@1.4.4
187 verbose readDependencies loading dependencies from /Users/John/Documents/Face-the-Internet/node_modules/faced/node_modules/underscore/package.json
188 verbose readDependencies loading dependencies from /Users/John/Documents/Face-the-Internet/node_modules/faced/node_modules/underscore/package.json
189 silly install resolved []
190 verbose about to build /Users/John/Documents/Face-the-Internet/node_modules/faced/node_modules/underscore
191 info build /Users/John/Documents/Face-the-Internet/node_modules/faced/node_modules/underscore
192 info linkStuff underscore@1.4.4
193 silly linkStuff underscore@1.4.4 has /Users/John/Documents/Face-the-Internet/node_modules/faced/node_modules as its parent node_modules
194 verbose linkBins underscore@1.4.4
195 verbose linkMans underscore@1.4.4
196 verbose rebuildBundles underscore@1.4.4
197 info install underscore@1.4.4
198 info postinstall underscore@1.4.4
199 verbose unlock done using /Users/John/.npm/_locks/underscore-f9e5894ba14522e1.lock for /Users/John/Documents/Face-the-Internet/node_modules/faced/node_modules/underscore
200 silly gunzTarPerm extractEntry data/haarcascade_frontalface_default.xml
201 silly gunzTarPerm extractEntry data/haarcascade_fullbody.xml
202 silly gunzTarPerm extractEntry data/haarcascade_lefteye_2splits.xml
203 silly gunzTarPerm extractEntry data/haarcascade_lowerbody.xml
204 silly gunzTarPerm extractEntry data/haarcascade_eye_tree_eyeglasses.xml
205 silly gunzTarPerm extractEntry data/haarcascade_mcs_eyepair_small.xml
206 silly gunzTarPerm extractEntry data/haarcascade_mcs_lefteye.xml
207 silly gunzTarPerm extractEntry data/haarcascade_mcs_mouth.xml
208 silly gunzTarPerm extractEntry data/haarcascade_mcs_nose.xml
209 silly gunzTarPerm extractEntry data/haarcascade_mcs_righteye.xml
210 silly gunzTarPerm extractEntry data/haarcascade_mcs_upperbody.xml
211 silly gunzTarPerm extractEntry data/haarcascade_profileface.xml
212 silly gunzTarPerm extractEntry data/haarcascade_righteye_2splits.xml
213 silly gunzTarPerm extractEntry data/haarcascade_upperbody.xml
214 silly gunzTarPerm extractEntry ..travis.yml.un~
215 silly gunzTarPerm extractEntry examples/take-face-pics.js
216 silly gunzTarPerm extractEntry examples/quad-crosses.js
217 silly gunzTarPerm extractEntry examples/addweighted.js
218 silly gunzTarPerm extractEntry examples/camera.js
219 silly gunzTarPerm extractEntry examples/motion-track.js
220 silly gunzTarPerm extractEntry examples/salt.js
221 silly gunzTarPerm extractEntry examples/color_filter.js
222 silly gunzTarPerm extractEntry examples/contours.js
223 silly gunzTarPerm extractEntry examples/convert_image.js
224 silly gunzTarPerm extractEntry examples/detect-shapes.js
225 silly gunzTarPerm extractEntry examples/face-proxy.js
226 silly gunzTarPerm extractEntry examples/face_detection.js
227 silly gunzTarPerm extractEntry examples/Face.js
228 silly gunzTarPerm extractEntry examples/over_text.png
229 silly gunzTarPerm extractEntry examples/.make-example-files.sh.un~
230 silly gunzTarPerm extractEntry examples/make-example-files.sh
231 silly gunzTarPerm extractEntry examples/mona.png
232 silly gunzTarPerm extractEntry examples/coin1.jpg
233 silly gunzTarPerm extractEntry examples/motion.mov
234 silly gunzTarPerm extractEntry examples/coin2.jpg
235 silly gunzTarPerm extractEntry examples/.take-face-pics.js.un~
236 silly gunzTarPerm extractEntry examples/quads.jpg
237 silly gunzTarPerm extractEntry examples/.motion-track.js.un~
238 silly gunzTarPerm extractEntry examples/shapes.jpg
239 silly gunzTarPerm extractEntry examples/stuff.png
240 silly gunzTarPerm extractEntry examples/.camera.js.un~
241 silly gunzTarPerm extractEntry index.html
242 silly gunzTarPerm extractEntry lib/bindings.js
243 silly gunzTarPerm extractEntry lib/opencv.js
244 silly gunzTarPerm extractEntry lib/.opencv.js.un~
245 silly gunzTarPerm extractEntry MIT-LICENSE.txt
246 silly gunzTarPerm extractEntry out.png
247 silly gunzTarPerm extractEntry .binding.gyp.un~
248 silly gunzTarPerm extractEntry ..gitignore.un~
249 silly gunzTarPerm extractEntry smoke/smoketest.js
250 silly gunzTarPerm extractEntry smoke/.smoke.sh.un~
251 silly gunzTarPerm extractEntry smoke/.smoketest.js.un~
252 silly gunzTarPerm extractEntry smoke/smoke.sh
253 silly gunzTarPerm extractEntry src/CascadeClassifierWrap.cc
254 silly gunzTarPerm extractEntry src/.CamShift.cc.un~
255 silly gunzTarPerm extractEntry src/.CascadeClassifierWrap.cc.un~
256 silly gunzTarPerm extractEntry src/.CascadeClassifierWrap.h.un~
257 silly gunzTarPerm extractEntry src/.FaceRecognizer.cc.un~
258 silly gunzTarPerm extractEntry src/.FaceRecognizer.h.un~
259 silly gunzTarPerm extractEntry src/.HighGUI.cc.un~
260 silly gunzTarPerm extractEntry src/.HighGUI.h.un~
261 silly gunzTarPerm extractEntry src/.init.cc.un~
262 silly gunzTarPerm extractEntry src/.Matrix.cc.un~
263 silly gunzTarPerm extractEntry src/.Matrix.h.un~
264 silly gunzTarPerm extractEntry src/.OpenCV.h.un~
265 silly gunzTarPerm extractEntry src/.VideoCaptureWrap.cc.un~
266 silly gunzTarPerm extractEntry src/.VideoWriter.cc.un~
267 silly gunzTarPerm extractEntry src/.VideoWriter.h.un~
268 silly gunzTarPerm extractEntry src/CamShift.cc
269 silly gunzTarPerm extractEntry src/CamShift.h
270 silly gunzTarPerm extractEntry src/.CamShift.h.un~
271 silly gunzTarPerm extractEntry src/CascadeClassifierWrap.h
272 silly gunzTarPerm extractEntry src/Contours.cc
273 silly gunzTarPerm extractEntry src/Contours.h
274 silly gunzTarPerm extractEntry src/FaceRecognizer.cc
275 silly gunzTarPerm extractEntry src/FaceRecognizer.h
276 silly gunzTarPerm extractEntry src/HighGUI.cc
277 silly gunzTarPerm extractEntry src/HighGUI.h
278 silly gunzTarPerm extractEntry src/init.cc
279 silly gunzTarPerm extractEntry src/Matrix.cc
280 silly gunzTarPerm extractEntry src/Matrix.h
281 silly gunzTarPerm extractEntry src/OpenCV.cc
282 silly gunzTarPerm extractEntry src/OpenCV.h
283 silly gunzTarPerm extractEntry src/Point.cc
284 silly gunzTarPerm extractEntry src/Point.h
285 silly gunzTarPerm extractEntry src/VideoCaptureWrap.cc
286 silly gunzTarPerm extractEntry src/VideoCaptureWrap.h
287 silly gunzTarPerm extractEntry test/unit.js
288 silly gunzTarPerm extractEntry test/.temp.js.un~
289 silly gunzTarPerm extractEntry test/.unit.js.un~
290 verbose write writing to /Users/John/Documents/Face-the-Internet/node_modules/faced/node_modules/opencv/package.json
291 info preinstall opencv@0.3.1
292 verbose unsafe-perm in lifecycle true
293 info opencv@0.3.1 Failed to exec preinstall script
294 verbose unlock done using /Users/John/.npm/_locks/opencv-7c085c30d7b3bb47.lock for /Users/John/Documents/Face-the-Internet/node_modules/faced/node_modules/opencv
295 verbose about to build /Users/John/Documents/Face-the-Internet/node_modules/faced
296 verbose unlock done using /Users/John/.npm/_locks/faced-4c9f2a736f8787aa.lock for /Users/John/Documents/Face-the-Internet/node_modules/faced
297 verbose stack Error: opencv@0.3.1 preinstall: `node-gyp clean rebuild`
297 verbose stack Exit status 1
297 verbose stack     at EventEmitter.<anonymous> (/usr/local/lib/node_modules/npm/lib/utils/lifecycle.js:213:16)
297 verbose stack     at EventEmitter.emit (events.js:110:17)
297 verbose stack     at ChildProcess.<anonymous> (/usr/local/lib/node_modules/npm/lib/utils/spawn.js:24:14)
297 verbose stack     at ChildProcess.emit (events.js:110:17)
297 verbose stack     at maybeClose (child_process.js:1015:16)
297 verbose stack     at Process.ChildProcess._handle.onexit (child_process.js:1087:5)
298 verbose pkgid opencv@0.3.1
299 verbose cwd /Users/John/Documents/Face-the-Internet
300 error Darwin 14.3.0
301 error argv "node" "/usr/local/bin/npm" "install" "--save" "faced"
302 error node v0.12.4
303 error npm  v2.10.1
304 error code ELIFECYCLE
305 error opencv@0.3.1 preinstall: `node-gyp clean rebuild`
305 error Exit status 1
306 error Failed at the opencv@0.3.1 preinstall script 'node-gyp clean rebuild'.
306 error This is most likely a problem with the opencv package,
306 error not with npm itself.
306 error Tell the author that this fails on your system:
306 error     node-gyp clean rebuild
306 error You can get their info via:
306 error     npm owner ls opencv
306 error There is likely additional logging output above.
307 verbose exit [ 1, true ]
308 verbose unbuild node_modules/faced/node_modules/opencv
309 info preuninstall opencv@0.3.1
310 info uninstall opencv@0.3.1
311 verbose unbuild rmStuff opencv@0.3.1 from /Users/John/Documents/Face-the-Internet/node_modules
312 verbose unbuild rmStuff in /Users/John/Documents/Face-the-Internet/node_modules/faced/node_modules
313 info postuninstall opencv@0.3.1
314 silly gentlyRm /Users/John/Documents/Face-the-Internet/node_modules/faced/node_modules/opencv is being purged from base /Users/John/Documents/Face-the-Internet
315 verbose gentlyRm don't care about contents; nuking /Users/John/Documents/Face-the-Internet/node_modules/faced/node_modules/opencv
316 silly vacuum-fs purging /Users/John/Documents/Face-the-Internet/node_modules/faced/node_modules/opencv
317 silly vacuum-fs quitting because other entries in /Users/John/Documents/Face-the-Internet/node_modules/faced/node_modules
318 verbose unbuild node_modules/faced
319 info preuninstall faced@1.1.3
320 info uninstall faced@1.1.3
321 verbose unbuild rmStuff faced@1.1.3 from /Users/John/Documents/Face-the-Internet/node_modules
322 info postuninstall faced@1.1.3
323 silly gentlyRm /Users/John/Documents/Face-the-Internet/node_modules/faced is being purged from base /Users/John/Documents/Face-the-Internet
324 verbose gentlyRm don't care about contents; nuking /Users/John/Documents/Face-the-Internet/node_modules/faced
325 silly vacuum-fs purging /Users/John/Documents/Face-the-Internet/node_modules/faced
326 silly vacuum-fs quitting because other entries in /Users/John/Documents/Face-the-Internet/node_modules
