----------------------------------
[SERVER - EVENT]  Express server listening on port 3000
----------------------------------
{ _readableState: 
   { objectMode: false,
     highWaterMark: 16384,
     buffer: [],
     length: 0,
     pipes: null,
     pipesCount: 0,
     flowing: null,
     ended: false,
     endEmitted: false,
     reading: false,
     sync: true,
     needReadable: false,
     emittedReadable: false,
     readableListening: false,
     defaultEncoding: 'utf8',
     ranOut: false,
     awaitDrain: 0,
     readingMore: false,
     decoder: null,
     encoding: null },
  readable: true,
  domain: null,
  _events: {},
  _maxListeners: undefined,
  socket: 
   { _connecting: false,
     _hadError: false,
     _handle: 
      { fd: 13,
        reading: true,
        owner: [Circular],
        onread: [Function: onread],
        onconnection: null,
        writeQueueSize: 0 },
     _parent: null,
     _host: null,
     _readableState: 
      { objectMode: false,
        highWaterMark: 16384,
        buffer: [],
        length: 0,
        pipes: null,
        pipesCount: 0,
        flowing: true,
        ended: false,
        endEmitted: false,
        reading: false,
        sync: false,
        needReadable: true,
        emittedReadable: false,
        readableListening: false,
        defaultEncoding: 'utf8',
        ranOut: false,
        awaitDrain: 0,
        readingMore: false,
        decoder: null,
        encoding: null,
        resumeScheduled: false },
     readable: true,
     domain: null,
     _events: 
      { end: [Object],
        finish: [Function: onSocketFinish],
        _socketEnd: [Function: onSocketEnd],
        drain: [Object],
        timeout: [Function],
        error: [Function: socketOnError],
        close: [Object],
        data: [Function: socketOnData] },
     _maxListeners: undefined,
     _writableState: 
      { objectMode: false,
        highWaterMark: 16384,
        needDrain: false,
        ending: false,
        ended: false,
        finished: false,
        decodeStrings: false,
        defaultEncoding: 'utf8',
        length: 0,
        writing: false,
        corked: 0,
        sync: true,
        bufferProcessing: false,
        onwrite: [Function],
        writecb: null,
        writelen: 0,
        bufferedRequest: null,
        lastBufferedRequest: null,
        pendingcb: 0,
        prefinished: false,
        errorEmitted: false },
     writable: true,
     allowHalfOpen: true,
     destroyed: false,
     bytesRead: 831,
     _bytesDispatched: 0,
     _pendingData: null,
     _pendingEncoding: '',
     server: 
      { domain: null,
        _events: [Object],
        _maxListeners: undefined,
        _connections: 1,
        _handle: [Object],
        _usingSlaves: false,
        _slaves: [],
        allowHalfOpen: true,
        pauseOnConnect: false,
        httpAllowHalfOpen: false,
        timeout: 120000,
        _connectionKey: '4:null:3000' },
     _idleTimeout: 120000,
     _idleNext: { _idleNext: [Circular], _idlePrev: [Circular] },
     _idlePrev: { _idleNext: [Circular], _idlePrev: [Circular] },
     _idleStart: 12690197,
     parser: 
      { '0': [Function: parserOnHeaders],
        '1': [Function: parserOnHeadersComplete],
        '2': [Function: parserOnBody],
        '3': [Function: parserOnMessageComplete],
        _headers: [],
        _url: '',
        socket: [Circular],
        incoming: [Circular],
        maxHeaderPairs: 2000,
        onIncoming: [Function: parserOnIncoming] },
     _paused: false,
     read: [Function],
     _consuming: true,
     _httpMessage: 
      { domain: null,
        _events: [Object],
        _maxListeners: undefined,
        output: [],
        outputEncodings: [],
        outputCallbacks: [],
        writable: true,
        _last: false,
        chunkedEncoding: false,
        shouldKeepAlive: true,
        useChunkedEncodingByDefault: true,
        sendDate: true,
        _removedHeader: {},
        _hasBody: true,
        _trailer: '',
        finished: false,
        _hangupClose: false,
        _headerSent: false,
        socket: [Circular],
        connection: [Circular],
        _header: null,
        _headers: [Object],
        _headerNames: [Object],
        req: [Circular],
        locals: {} } },
  connection: 
   { _connecting: false,
     _hadError: false,
     _handle: 
      { fd: 13,
        reading: true,
        owner: [Circular],
        onread: [Function: onread],
        onconnection: null,
        writeQueueSize: 0 },
     _parent: null,
     _host: null,
     _readableState: 
      { objectMode: false,
        highWaterMark: 16384,
        buffer: [],
        length: 0,
        pipes: null,
        pipesCount: 0,
        flowing: true,
        ended: false,
        endEmitted: false,
        reading: false,
        sync: false,
        needReadable: true,
        emittedReadable: false,
        readableListening: false,
        defaultEncoding: 'utf8',
        ranOut: false,
        awaitDrain: 0,
        readingMore: false,
        decoder: null,
        encoding: null,
        resumeScheduled: false },
     readable: true,
     domain: null,
     _events: 
      { end: [Object],
        finish: [Function: onSocketFinish],
        _socketEnd: [Function: onSocketEnd],
        drain: [Object],
        timeout: [Function],
        error: [Function: socketOnError],
        close: [Object],
        data: [Function: socketOnData] },
     _maxListeners: undefined,
     _writableState: 
      { objectMode: false,
        highWaterMark: 16384,
        needDrain: false,
        ending: false,
        ended: false,
        finished: false,
        decodeStrings: false,
        defaultEncoding: 'utf8',
        length: 0,
        writing: false,
        corked: 0,
        sync: true,
        bufferProcessing: false,
        onwrite: [Function],
        writecb: null,
        writelen: 0,
        bufferedRequest: null,
        lastBufferedRequest: null,
        pendingcb: 0,
        prefinished: false,
        errorEmitted: false },
     writable: true,
     allowHalfOpen: true,
     destroyed: false,
     bytesRead: 831,
     _bytesDispatched: 0,
     _pendingData: null,
     _pendingEncoding: '',
     server: 
      { domain: null,
        _events: [Object],
        _maxListeners: undefined,
        _connections: 1,
        _handle: [Object],
        _usingSlaves: false,
        _slaves: [],
        allowHalfOpen: true,
        pauseOnConnect: false,
        httpAllowHalfOpen: false,
        timeout: 120000,
        _connectionKey: '4:null:3000' },
     _idleTimeout: 120000,
     _idleNext: { _idleNext: [Circular], _idlePrev: [Circular] },
     _idlePrev: { _idleNext: [Circular], _idlePrev: [Circular] },
     _idleStart: 12690197,
     parser: 
      { '0': [Function: parserOnHeaders],
        '1': [Function: parserOnHeadersComplete],
        '2': [Function: parserOnBody],
        '3': [Function: parserOnMessageComplete],
        _headers: [],
        _url: '',
        socket: [Circular],
        incoming: [Circular],
        maxHeaderPairs: 2000,
        onIncoming: [Function: parserOnIncoming] },
     _paused: false,
     read: [Function],
     _consuming: true,
     _httpMessage: 
      { domain: null,
        _events: [Object],
        _maxListeners: undefined,
        output: [],
        outputEncodings: [],
        outputCallbacks: [],
        writable: true,
        _last: false,
        chunkedEncoding: false,
        shouldKeepAlive: true,
        useChunkedEncodingByDefault: true,
        sendDate: true,
        _removedHeader: {},
        _hasBody: true,
        _trailer: '',
        finished: false,
        _hangupClose: false,
        _headerSent: false,
        socket: [Circular],
        connection: [Circular],
        _header: null,
        _headers: [Object],
        _headerNames: [Object],
        req: [Circular],
        locals: {} } },
  httpVersionMajor: 1,
  httpVersionMinor: 1,
  httpVersion: '1.1',
  complete: false,
  headers: 
   { host: 'localhost:3000',
     connection: 'keep-alive',
     'content-length': '15',
     pragma: 'no-cache',
     'cache-control': 'no-cache',
     accept: 'text/javascript, application/javascript, application/ecmascript, application/x-ecmascript, */*; q=0.01',
     origin: 'http://localhost:3000',
     'x-requested-with': 'XMLHttpRequest',
     'user-agent': 'Mozilla/5.0 (Macintosh; Intel Mac OS X 10_11_1) AppleWebKit/537.36 (KHTML, like Gecko) Chrome/46.0.2490.86 Safari/537.36',
     'content-type': 'application/json',
     referer: 'http://localhost:3000/',
     'accept-encoding': 'gzip, deflate',
     'accept-language': 'en-US,en;q=0.8,sk;q=0.6,it;q=0.4,sv;q=0.2',
     cookie: 'connect.sid=s%3AxGAUAdatow1M77OKh2hQIKxFWVRo41W1.H%2Fb7NtRRreX%2FogE1YELHjZlYNVErm1OIFXVULQ5hWZo; __olapicU=1446722906380; _ga=GA1.1.807029302.1444130111' },
  rawHeaders: 
   [ 'Host',
     'localhost:3000',
     'Connection',
     'keep-alive',
     'Content-Length',
     '15',
     'Pragma',
     'no-cache',
     'Cache-Control',
     'no-cache',
     'Accept',
     'text/javascript, application/javascript, application/ecmascript, application/x-ecmascript, */*; q=0.01',
     'Origin',
     'http://localhost:3000',
     'X-Requested-With',
     'XMLHttpRequest',
     'User-Agent',
     'Mozilla/5.0 (Macintosh; Intel Mac OS X 10_11_1) AppleWebKit/537.36 (KHTML, like Gecko) Chrome/46.0.2490.86 Safari/537.36',
     'Content-Type',
     'application/json',
     'Referer',
     'http://localhost:3000/',
     'Accept-Encoding',
     'gzip, deflate',
     'Accept-Language',
     'en-US,en;q=0.8,sk;q=0.6,it;q=0.4,sv;q=0.2',
     'Cookie',
     'connect.sid=s%3AxGAUAdatow1M77OKh2hQIKxFWVRo41W1.H%2Fb7NtRRreX%2FogE1YELHjZlYNVErm1OIFXVULQ5hWZo; __olapicU=1446722906380; _ga=GA1.1.807029302.1444130111' ],
  trailers: {},
  rawTrailers: [],
  _pendings: [],
  _pendingIndex: 0,
  upgrade: false,
  url: '/capture?callback=jQuery21408448435449972749_1448542342507',
  method: 'POST',
  statusCode: null,
  statusMessage: null,
  client: 
   { _connecting: false,
     _hadError: false,
     _handle: 
      { fd: 13,
        reading: true,
        owner: [Circular],
        onread: [Function: onread],
        onconnection: null,
        writeQueueSize: 0 },
     _parent: null,
     _host: null,
     _readableState: 
      { objectMode: false,
        highWaterMark: 16384,
        buffer: [],
        length: 0,
        pipes: null,
        pipesCount: 0,
        flowing: true,
        ended: false,
        endEmitted: false,
        reading: false,
        sync: false,
        needReadable: true,
        emittedReadable: false,
        readableListening: false,
        defaultEncoding: 'utf8',
        ranOut: false,
        awaitDrain: 0,
        readingMore: false,
        decoder: null,
        encoding: null,
        resumeScheduled: false },
     readable: true,
     domain: null,
     _events: 
      { end: [Object],
        finish: [Function: onSocketFinish],
        _socketEnd: [Function: onSocketEnd],
        drain: [Object],
        timeout: [Function],
        error: [Function: socketOnError],
        close: [Object],
        data: [Function: socketOnData] },
     _maxListeners: undefined,
     _writableState: 
      { objectMode: false,
        highWaterMark: 16384,
        needDrain: false,
        ending: false,
        ended: false,
        finished: false,
        decodeStrings: false,
        defaultEncoding: 'utf8',
        length: 0,
        writing: false,
        corked: 0,
        sync: true,
        bufferProcessing: false,
        onwrite: [Function],
        writecb: null,
        writelen: 0,
        bufferedRequest: null,
        lastBufferedRequest: null,
        pendingcb: 0,
        prefinished: false,
        errorEmitted: false },
     writable: true,
     allowHalfOpen: true,
     destroyed: false,
     bytesRead: 831,
     _bytesDispatched: 0,
     _pendingData: null,
     _pendingEncoding: '',
     server: 
      { domain: null,
        _events: [Object],
        _maxListeners: undefined,
        _connections: 1,
        _handle: [Object],
        _usingSlaves: false,
        _slaves: [],
        allowHalfOpen: true,
        pauseOnConnect: false,
        httpAllowHalfOpen: false,
        timeout: 120000,
        _connectionKey: '4:null:3000' },
     _idleTimeout: 120000,
     _idleNext: { _idleNext: [Circular], _idlePrev: [Circular] },
     _idlePrev: { _idleNext: [Circular], _idlePrev: [Circular] },
     _idleStart: 12690197,
     parser: 
      { '0': [Function: parserOnHeaders],
        '1': [Function: parserOnHeadersComplete],
        '2': [Function: parserOnBody],
        '3': [Function: parserOnMessageComplete],
        _headers: [],
        _url: '',
        socket: [Circular],
        incoming: [Circular],
        maxHeaderPairs: 2000,
        onIncoming: [Function: parserOnIncoming] },
     _paused: false,
     read: [Function],
     _consuming: true,
     _httpMessage: 
      { domain: null,
        _events: [Object],
        _maxListeners: undefined,
        output: [],
        outputEncodings: [],
        outputCallbacks: [],
        writable: true,
        _last: false,
        chunkedEncoding: false,
        shouldKeepAlive: true,
        useChunkedEncodingByDefault: true,
        sendDate: true,
        _removedHeader: {},
        _hasBody: true,
        _trailer: '',
        finished: false,
        _hangupClose: false,
        _headerSent: false,
        socket: [Circular],
        connection: [Circular],
        _header: null,
        _headers: [Object],
        _headerNames: [Object],
        req: [Circular],
        locals: {} } },
  _consuming: false,
  _dumped: false,
  next: [Function: next],
  baseUrl: '',
  originalUrl: '/capture?callback=jQuery21408448435449972749_1448542342507',
  _parsedUrl: 
   { protocol: null,
     slashes: null,
     auth: null,
     host: null,
     port: null,
     hostname: null,
     hash: null,
     search: '?callback=jQuery21408448435449972749_1448542342507',
     query: 'callback=jQuery21408448435449972749_1448542342507',
     pathname: '/capture',
     path: '/capture?callback=jQuery21408448435449972749_1448542342507',
     href: '/capture?callback=jQuery21408448435449972749_1448542342507',
     _raw: '/capture?callback=jQuery21408448435449972749_1448542342507' },
  params: {},
  query: { callback: 'jQuery21408448435449972749_1448542342507' },
  res: 
   { domain: null,
     _events: { prefinish: [Function: resOnFinish] },
     _maxListeners: undefined,
     output: [],
     outputEncodings: [],
     outputCallbacks: [],
     writable: true,
     _last: false,
     chunkedEncoding: false,
     shouldKeepAlive: true,
     useChunkedEncodingByDefault: true,
     sendDate: true,
     _removedHeader: {},
     _hasBody: true,
     _trailer: '',
     finished: false,
     _hangupClose: false,
     _headerSent: false,
     socket: 
      { _connecting: false,
        _hadError: false,
        _handle: [Object],
        _parent: null,
        _host: null,
        _readableState: [Object],
        readable: true,
        domain: null,
        _events: [Object],
        _maxListeners: undefined,
        _writableState: [Object],
        writable: true,
        allowHalfOpen: true,
        destroyed: false,
        bytesRead: 831,
        _bytesDispatched: 0,
        _pendingData: null,
        _pendingEncoding: '',
        server: [Object],
        _idleTimeout: 120000,
        _idleNext: [Object],
        _idlePrev: [Object],
        _idleStart: 12690197,
        parser: [Object],
        _paused: false,
        read: [Function],
        _consuming: true,
        _httpMessage: [Circular] },
     connection: 
      { _connecting: false,
        _hadError: false,
        _handle: [Object],
        _parent: null,
        _host: null,
        _readableState: [Object],
        readable: true,
        domain: null,
        _events: [Object],
        _maxListeners: undefined,
        _writableState: [Object],
        writable: true,
        allowHalfOpen: true,
        destroyed: false,
        bytesRead: 831,
        _bytesDispatched: 0,
        _pendingData: null,
        _pendingEncoding: '',
        server: [Object],
        _idleTimeout: 120000,
        _idleNext: [Object],
        _idlePrev: [Object],
        _idleStart: 12690197,
        parser: [Object],
        _paused: false,
        read: [Function],
        _consuming: true,
        _httpMessage: [Circular] },
     _header: null,
     _headers: { 'x-powered-by': 'Express' },
     _headerNames: { 'x-powered-by': 'X-Powered-By' },
     req: [Circular],
     locals: {} },
  body: {},
  route: 
   { path: '/capture',
     stack: [ [Object] ],
     methods: { post: true } } } { domain: null,
  _events: { prefinish: [Function: resOnFinish] },
  _maxListeners: undefined,
  output: [],
  outputEncodings: [],
  outputCallbacks: [],
  writable: true,
  _last: false,
  chunkedEncoding: false,
  shouldKeepAlive: true,
  useChunkedEncodingByDefault: true,
  sendDate: true,
  _removedHeader: {},
  _hasBody: true,
  _trailer: '',
  finished: false,
  _hangupClose: false,
  _headerSent: false,
  socket: 
   { _connecting: false,
     _hadError: false,
     _handle: 
      { fd: 13,
        reading: true,
        owner: [Circular],
        onread: [Function: onread],
        onconnection: null,
        writeQueueSize: 0 },
     _parent: null,
     _host: null,
     _readableState: 
      { objectMode: false,
        highWaterMark: 16384,
        buffer: [],
        length: 0,
        pipes: null,
        pipesCount: 0,
        flowing: true,
        ended: false,
        endEmitted: false,
        reading: false,
        sync: false,
        needReadable: true,
        emittedReadable: false,
        readableListening: false,
        defaultEncoding: 'utf8',
        ranOut: false,
        awaitDrain: 0,
        readingMore: false,
        decoder: null,
        encoding: null,
        resumeScheduled: false },
     readable: true,
     domain: null,
     _events: 
      { end: [Object],
        finish: [Function: onSocketFinish],
        _socketEnd: [Function: onSocketEnd],
        drain: [Object],
        timeout: [Function],
        error: [Function: socketOnError],
        close: [Object],
        data: [Function: socketOnData] },
     _maxListeners: undefined,
     _writableState: 
      { objectMode: false,
        highWaterMark: 16384,
        needDrain: false,
        ending: false,
        ended: false,
        finished: false,
        decodeStrings: false,
        defaultEncoding: 'utf8',
        length: 0,
        writing: false,
        corked: 0,
        sync: true,
        bufferProcessing: false,
        onwrite: [Function],
        writecb: null,
        writelen: 0,
        bufferedRequest: null,
        lastBufferedRequest: null,
        pendingcb: 0,
        prefinished: false,
        errorEmitted: false },
     writable: true,
     allowHalfOpen: true,
     destroyed: false,
     bytesRead: 831,
     _bytesDispatched: 0,
     _pendingData: null,
     _pendingEncoding: '',
     server: 
      { domain: null,
        _events: [Object],
        _maxListeners: undefined,
        _connections: 1,
        _handle: [Object],
        _usingSlaves: false,
        _slaves: [],
        allowHalfOpen: true,
        pauseOnConnect: false,
        httpAllowHalfOpen: false,
        timeout: 120000,
        _connectionKey: '4:null:3000' },
     _idleTimeout: 120000,
     _idleNext: { _idleNext: [Circular], _idlePrev: [Circular] },
     _idlePrev: { _idleNext: [Circular], _idlePrev: [Circular] },
     _idleStart: 12690197,
     parser: 
      { '0': [Function: parserOnHeaders],
        '1': [Function: parserOnHeadersComplete],
        '2': [Function: parserOnBody],
        '3': [Function: parserOnMessageComplete],
        _headers: [],
        _url: '',
        socket: [Circular],
        incoming: [Object],
        maxHeaderPairs: 2000,
        onIncoming: [Function: parserOnIncoming] },
     _paused: false,
     read: [Function],
     _consuming: true,
     _httpMessage: [Circular] },
  connection: 
   { _connecting: false,
     _hadError: false,
     _handle: 
      { fd: 13,
        reading: true,
        owner: [Circular],
        onread: [Function: onread],
        onconnection: null,
        writeQueueSize: 0 },
     _parent: null,
     _host: null,
     _readableState: 
      { objectMode: false,
        highWaterMark: 16384,
        buffer: [],
        length: 0,
        pipes: null,
        pipesCount: 0,
        flowing: true,
        ended: false,
        endEmitted: false,
        reading: false,
        sync: false,
        needReadable: true,
        emittedReadable: false,
        readableListening: false,
        defaultEncoding: 'utf8',
        ranOut: false,
        awaitDrain: 0,
        readingMore: false,
        decoder: null,
        encoding: null,
        resumeScheduled: false },
     readable: true,
     domain: null,
     _events: 
      { end: [Object],
        finish: [Function: onSocketFinish],
        _socketEnd: [Function: onSocketEnd],
        drain: [Object],
        timeout: [Function],
        error: [Function: socketOnError],
        close: [Object],
        data: [Function: socketOnData] },
     _maxListeners: undefined,
     _writableState: 
      { objectMode: false,
        highWaterMark: 16384,
        needDrain: false,
        ending: false,
        ended: false,
        finished: false,
        decodeStrings: false,
        defaultEncoding: 'utf8',
        length: 0,
        writing: false,
        corked: 0,
        sync: true,
        bufferProcessing: false,
        onwrite: [Function],
        writecb: null,
        writelen: 0,
        bufferedRequest: null,
        lastBufferedRequest: null,
        pendingcb: 0,
        prefinished: false,
        errorEmitted: false },
     writable: true,
     allowHalfOpen: true,
     destroyed: false,
     bytesRead: 831,
     _bytesDispatched: 0,
     _pendingData: null,
     _pendingEncoding: '',
     server: 
      { domain: null,
        _events: [Object],
        _maxListeners: undefined,
        _connections: 1,
        _handle: [Object],
        _usingSlaves: false,
        _slaves: [],
        allowHalfOpen: true,
        pauseOnConnect: false,
        httpAllowHalfOpen: false,
        timeout: 120000,
        _connectionKey: '4:null:3000' },
     _idleTimeout: 120000,
     _idleNext: { _idleNext: [Circular], _idlePrev: [Circular] },
     _idlePrev: { _idleNext: [Circular], _idlePrev: [Circular] },
     _idleStart: 12690197,
     parser: 
      { '0': [Function: parserOnHeaders],
        '1': [Function: parserOnHeadersComplete],
        '2': [Function: parserOnBody],
        '3': [Function: parserOnMessageComplete],
        _headers: [],
        _url: '',
        socket: [Circular],
        incoming: [Object],
        maxHeaderPairs: 2000,
        onIncoming: [Function: parserOnIncoming] },
     _paused: false,
     read: [Function],
     _consuming: true,
     _httpMessage: [Circular] },
  _header: null,
  _headers: { 'x-powered-by': 'Express' },
  _headerNames: { 'x-powered-by': 'X-Powered-By' },
  req: 
   { _readableState: 
      { objectMode: false,
        highWaterMark: 16384,
        buffer: [],
        length: 0,
        pipes: null,
        pipesCount: 0,
        flowing: null,
        ended: false,
        endEmitted: false,
        reading: false,
        sync: true,
        needReadable: false,
        emittedReadable: false,
        readableListening: false,
        defaultEncoding: 'utf8',
        ranOut: false,
        awaitDrain: 0,
        readingMore: false,
        decoder: null,
        encoding: null },
     readable: true,
     domain: null,
     _events: {},
     _maxListeners: undefined,
     socket: 
      { _connecting: false,
        _hadError: false,
        _handle: [Object],
        _parent: null,
        _host: null,
        _readableState: [Object],
        readable: true,
        domain: null,
        _events: [Object],
        _maxListeners: undefined,
        _writableState: [Object],
        writable: true,
        allowHalfOpen: true,
        destroyed: false,
        bytesRead: 831,
        _bytesDispatched: 0,
        _pendingData: null,
        _pendingEncoding: '',
        server: [Object],
        _idleTimeout: 120000,
        _idleNext: [Object],
        _idlePrev: [Object],
        _idleStart: 12690197,
        parser: [Object],
        _paused: false,
        read: [Function],
        _consuming: true,
        _httpMessage: [Circular] },
     connection: 
      { _connecting: false,
        _hadError: false,
        _handle: [Object],
        _parent: null,
        _host: null,
        _readableState: [Object],
        readable: true,
        domain: null,
        _events: [Object],
        _maxListeners: undefined,
        _writableState: [Object],
        writable: true,
        allowHalfOpen: true,
        destroyed: false,
        bytesRead: 831,
        _bytesDispatched: 0,
        _pendingData: null,
        _pendingEncoding: '',
        server: [Object],
        _idleTimeout: 120000,
        _idleNext: [Object],
        _idlePrev: [Object],
        _idleStart: 12690197,
        parser: [Object],
        _paused: false,
        read: [Function],
        _consuming: true,
        _httpMessage: [Circular] },
     httpVersionMajor: 1,
     httpVersionMinor: 1,
     httpVersion: '1.1',
     complete: false,
     headers: 
      { host: 'localhost:3000',
        connection: 'keep-alive',
        'content-length': '15',
        pragma: 'no-cache',
        'cache-control': 'no-cache',
        accept: 'text/javascript, application/javascript, application/ecmascript, application/x-ecmascript, */*; q=0.01',
        origin: 'http://localhost:3000',
        'x-requested-with': 'XMLHttpRequest',
        'user-agent': 'Mozilla/5.0 (Macintosh; Intel Mac OS X 10_11_1) AppleWebKit/537.36 (KHTML, like Gecko) Chrome/46.0.2490.86 Safari/537.36',
        'content-type': 'application/json',
        referer: 'http://localhost:3000/',
        'accept-encoding': 'gzip, deflate',
        'accept-language': 'en-US,en;q=0.8,sk;q=0.6,it;q=0.4,sv;q=0.2',
        cookie: 'connect.sid=s%3AxGAUAdatow1M77OKh2hQIKxFWVRo41W1.H%2Fb7NtRRreX%2FogE1YELHjZlYNVErm1OIFXVULQ5hWZo; __olapicU=1446722906380; _ga=GA1.1.807029302.1444130111' },
     rawHeaders: 
      [ 'Host',
        'localhost:3000',
        'Connection',
        'keep-alive',
        'Content-Length',
        '15',
        'Pragma',
        'no-cache',
        'Cache-Control',
        'no-cache',
        'Accept',
        'text/javascript, application/javascript, application/ecmascript, application/x-ecmascript, */*; q=0.01',
        'Origin',
        'http://localhost:3000',
        'X-Requested-With',
        'XMLHttpRequest',
        'User-Agent',
        'Mozilla/5.0 (Macintosh; Intel Mac OS X 10_11_1) AppleWebKit/537.36 (KHTML, like Gecko) Chrome/46.0.2490.86 Safari/537.36',
        'Content-Type',
        'application/json',
        'Referer',
        'http://localhost:3000/',
        'Accept-Encoding',
        'gzip, deflate',
        'Accept-Language',
        'en-US,en;q=0.8,sk;q=0.6,it;q=0.4,sv;q=0.2',
        'Cookie',
        'connect.sid=s%3AxGAUAdatow1M77OKh2hQIKxFWVRo41W1.H%2Fb7NtRRreX%2FogE1YELHjZlYNVErm1OIFXVULQ5hWZo; __olapicU=1446722906380; _ga=GA1.1.807029302.1444130111' ],
     trailers: {},
     rawTrailers: [],
     _pendings: [],
     _pendingIndex: 0,
     upgrade: false,
     url: '/capture?callback=jQuery21408448435449972749_1448542342507',
     method: 'POST',
     statusCode: null,
     statusMessage: null,
     client: 
      { _connecting: false,
        _hadError: false,
        _handle: [Object],
        _parent: null,
        _host: null,
        _readableState: [Object],
        readable: true,
        domain: null,
        _events: [Object],
        _maxListeners: undefined,
        _writableState: [Object],
        writable: true,
        allowHalfOpen: true,
        destroyed: false,
        bytesRead: 831,
        _bytesDispatched: 0,
        _pendingData: null,
        _pendingEncoding: '',
        server: [Object],
        _idleTimeout: 120000,
        _idleNext: [Object],
        _idlePrev: [Object],
        _idleStart: 12690197,
        parser: [Object],
        _paused: false,
        read: [Function],
        _consuming: true,
        _httpMessage: [Circular] },
     _consuming: false,
     _dumped: false,
     next: [Function: next],
     baseUrl: '',
     originalUrl: '/capture?callback=jQuery21408448435449972749_1448542342507',
     _parsedUrl: 
      { protocol: null,
        slashes: null,
        auth: null,
        host: null,
        port: null,
        hostname: null,
        hash: null,
        search: '?callback=jQuery21408448435449972749_1448542342507',
        query: 'callback=jQuery21408448435449972749_1448542342507',
        pathname: '/capture',
        path: '/capture?callback=jQuery21408448435449972749_1448542342507',
        href: '/capture?callback=jQuery21408448435449972749_1448542342507',
        _raw: '/capture?callback=jQuery21408448435449972749_1448542342507' },
     params: {},
     query: { callback: 'jQuery21408448435449972749_1448542342507' },
     res: [Circular],
     body: {},
     route: { path: '/capture', stack: [Object], methods: [Object] } },
  locals: {} } [Function: next]
{ _readableState: 
   { objectMode: false,
     highWaterMark: 16384,
     buffer: [],
     length: 0,
     pipes: null,
     pipesCount: 0,
     flowing: null,
     ended: false,
     endEmitted: false,
     reading: false,
     sync: true,
     needReadable: false,
     emittedReadable: false,
     readableListening: false,
     defaultEncoding: 'utf8',
     ranOut: false,
     awaitDrain: 0,
     readingMore: false,
     decoder: null,
     encoding: null },
  readable: true,
  domain: null,
  _events: {},
  _maxListeners: undefined,
  socket: 
   { _connecting: false,
     _hadError: false,
     _handle: 
      { fd: 13,
        reading: true,
        owner: [Circular],
        onread: [Function: onread],
        onconnection: null,
        writeQueueSize: 0 },
     _parent: null,
     _host: null,
     _readableState: 
      { objectMode: false,
        highWaterMark: 16384,
        buffer: [],
        length: 0,
        pipes: null,
        pipesCount: 0,
        flowing: true,
        ended: false,
        endEmitted: false,
        reading: false,
        sync: false,
        needReadable: true,
        emittedReadable: false,
        readableListening: false,
        defaultEncoding: 'utf8',
        ranOut: false,
        awaitDrain: 0,
        readingMore: false,
        decoder: null,
        encoding: null,
        resumeScheduled: false },
     readable: true,
     domain: null,
     _events: 
      { end: [Object],
        finish: [Function: onSocketFinish],
        _socketEnd: [Function: onSocketEnd],
        drain: [Object],
        timeout: [Function],
        error: [Function: socketOnError],
        close: [Object],
        data: [Function: socketOnData] },
     _maxListeners: undefined,
     _writableState: 
      { objectMode: false,
        highWaterMark: 16384,
        needDrain: false,
        ending: false,
        ended: false,
        finished: false,
        decodeStrings: false,
        defaultEncoding: 'utf8',
        length: 0,
        writing: false,
        corked: 0,
        sync: true,
        bufferProcessing: false,
        onwrite: [Function],
        writecb: null,
        writelen: 0,
        bufferedRequest: null,
        lastBufferedRequest: null,
        pendingcb: 0,
        prefinished: false,
        errorEmitted: false },
     writable: true,
     allowHalfOpen: true,
     destroyed: false,
     bytesRead: 831,
     _bytesDispatched: 0,
     _pendingData: null,
     _pendingEncoding: '',
     server: 
      { domain: null,
        _events: [Object],
        _maxListeners: undefined,
        _connections: 1,
        _handle: [Object],
        _usingSlaves: false,
        _slaves: [],
        allowHalfOpen: true,
        pauseOnConnect: false,
        httpAllowHalfOpen: false,
        timeout: 120000,
        _connectionKey: '4:null:3000' },
     _idleTimeout: 120000,
     _idleNext: { _idleNext: [Circular], _idlePrev: [Circular] },
     _idlePrev: { _idleNext: [Circular], _idlePrev: [Circular] },
     _idleStart: 14003695,
     parser: 
      { '0': [Function: parserOnHeaders],
        '1': [Function: parserOnHeadersComplete],
        '2': [Function: parserOnBody],
        '3': [Function: parserOnMessageComplete],
        _headers: [],
        _url: '',
        socket: [Circular],
        incoming: [Circular],
        maxHeaderPairs: 2000,
        onIncoming: [Function: parserOnIncoming] },
     _paused: false,
     read: [Function],
     _consuming: true,
     _httpMessage: 
      { domain: null,
        _events: [Object],
        _maxListeners: undefined,
        output: [],
        outputEncodings: [],
        outputCallbacks: [],
        writable: true,
        _last: false,
        chunkedEncoding: false,
        shouldKeepAlive: true,
        useChunkedEncodingByDefault: true,
        sendDate: true,
        _removedHeader: {},
        _hasBody: true,
        _trailer: '',
        finished: false,
        _hangupClose: false,
        _headerSent: false,
        socket: [Circular],
        connection: [Circular],
        _header: null,
        _headers: [Object],
        _headerNames: [Object],
        req: [Circular],
        locals: {} } },
  connection: 
   { _connecting: false,
     _hadError: false,
     _handle: 
      { fd: 13,
        reading: true,
        owner: [Circular],
        onread: [Function: onread],
        onconnection: null,
        writeQueueSize: 0 },
     _parent: null,
     _host: null,
     _readableState: 
      { objectMode: false,
        highWaterMark: 16384,
        buffer: [],
        length: 0,
        pipes: null,
        pipesCount: 0,
        flowing: true,
        ended: false,
        endEmitted: false,
        reading: false,
        sync: false,
        needReadable: true,
        emittedReadable: false,
        readableListening: false,
        defaultEncoding: 'utf8',
        ranOut: false,
        awaitDrain: 0,
        readingMore: false,
        decoder: null,
        encoding: null,
        resumeScheduled: false },
     readable: true,
     domain: null,
     _events: 
      { end: [Object],
        finish: [Function: onSocketFinish],
        _socketEnd: [Function: onSocketEnd],
        drain: [Object],
        timeout: [Function],
        error: [Function: socketOnError],
        close: [Object],
        data: [Function: socketOnData] },
     _maxListeners: undefined,
     _writableState: 
      { objectMode: false,
        highWaterMark: 16384,
        needDrain: false,
        ending: false,
        ended: false,
        finished: false,
        decodeStrings: false,
        defaultEncoding: 'utf8',
        length: 0,
        writing: false,
        corked: 0,
        sync: true,
        bufferProcessing: false,
        onwrite: [Function],
        writecb: null,
        writelen: 0,
        bufferedRequest: null,
        lastBufferedRequest: null,
        pendingcb: 0,
        prefinished: false,
        errorEmitted: false },
     writable: true,
     allowHalfOpen: true,
     destroyed: false,
     bytesRead: 831,
     _bytesDispatched: 0,
     _pendingData: null,
     _pendingEncoding: '',
     server: 
      { domain: null,
        _events: [Object],
        _maxListeners: undefined,
        _connections: 1,
        _handle: [Object],
        _usingSlaves: false,
        _slaves: [],
        allowHalfOpen: true,
        pauseOnConnect: false,
        httpAllowHalfOpen: false,
        timeout: 120000,
        _connectionKey: '4:null:3000' },
     _idleTimeout: 120000,
     _idleNext: { _idleNext: [Circular], _idlePrev: [Circular] },
     _idlePrev: { _idleNext: [Circular], _idlePrev: [Circular] },
     _idleStart: 14003695,
     parser: 
      { '0': [Function: parserOnHeaders],
        '1': [Function: parserOnHeadersComplete],
        '2': [Function: parserOnBody],
        '3': [Function: parserOnMessageComplete],
        _headers: [],
        _url: '',
        socket: [Circular],
        incoming: [Circular],
        maxHeaderPairs: 2000,
        onIncoming: [Function: parserOnIncoming] },
     _paused: false,
     read: [Function],
     _consuming: true,
     _httpMessage: 
      { domain: null,
        _events: [Object],
        _maxListeners: undefined,
        output: [],
        outputEncodings: [],
        outputCallbacks: [],
        writable: true,
        _last: false,
        chunkedEncoding: false,
        shouldKeepAlive: true,
        useChunkedEncodingByDefault: true,
        sendDate: true,
        _removedHeader: {},
        _hasBody: true,
        _trailer: '',
        finished: false,
        _hangupClose: false,
        _headerSent: false,
        socket: [Circular],
        connection: [Circular],
        _header: null,
        _headers: [Object],
        _headerNames: [Object],
        req: [Circular],
        locals: {} } },
  httpVersionMajor: 1,
  httpVersionMinor: 1,
  httpVersion: '1.1',
  complete: false,
  headers: 
   { host: 'localhost:3000',
     connection: 'keep-alive',
     'content-length': '15',
     pragma: 'no-cache',
     'cache-control': 'no-cache',
     accept: 'text/javascript, application/javascript, application/ecmascript, application/x-ecmascript, */*; q=0.01',
     origin: 'http://localhost:3000',
     'x-requested-with': 'XMLHttpRequest',
     'user-agent': 'Mozilla/5.0 (Macintosh; Intel Mac OS X 10_11_1) AppleWebKit/537.36 (KHTML, like Gecko) Chrome/46.0.2490.86 Safari/537.36',
     'content-type': 'application/json',
     referer: 'http://localhost:3000/',
     'accept-encoding': 'gzip, deflate',
     'accept-language': 'en-US,en;q=0.8,sk;q=0.6,it;q=0.4,sv;q=0.2',
     cookie: 'connect.sid=s%3AxGAUAdatow1M77OKh2hQIKxFWVRo41W1.H%2Fb7NtRRreX%2FogE1YELHjZlYNVErm1OIFXVULQ5hWZo; __olapicU=1446722906380; _ga=GA1.1.807029302.1444130111' },
  rawHeaders: 
   [ 'Host',
     'localhost:3000',
     'Connection',
     'keep-alive',
     'Content-Length',
     '15',
     'Pragma',
     'no-cache',
     'Cache-Control',
     'no-cache',
     'Accept',
     'text/javascript, application/javascript, application/ecmascript, application/x-ecmascript, */*; q=0.01',
     'Origin',
     'http://localhost:3000',
     'X-Requested-With',
     'XMLHttpRequest',
     'User-Agent',
     'Mozilla/5.0 (Macintosh; Intel Mac OS X 10_11_1) AppleWebKit/537.36 (KHTML, like Gecko) Chrome/46.0.2490.86 Safari/537.36',
     'Content-Type',
     'application/json',
     'Referer',
     'http://localhost:3000/',
     'Accept-Encoding',
     'gzip, deflate',
     'Accept-Language',
     'en-US,en;q=0.8,sk;q=0.6,it;q=0.4,sv;q=0.2',
     'Cookie',
     'connect.sid=s%3AxGAUAdatow1M77OKh2hQIKxFWVRo41W1.H%2Fb7NtRRreX%2FogE1YELHjZlYNVErm1OIFXVULQ5hWZo; __olapicU=1446722906380; _ga=GA1.1.807029302.1444130111' ],
  trailers: {},
  rawTrailers: [],
  _pendings: [],
  _pendingIndex: 0,
  upgrade: false,
  url: '/capture?callback=jQuery21402898668961133808_1448545519167',
  method: 'POST',
  statusCode: null,
  statusMessage: null,
  client: 
   { _connecting: false,
     _hadError: false,
     _handle: 
      { fd: 13,
        reading: true,
        owner: [Circular],
        onread: [Function: onread],
        onconnection: null,
        writeQueueSize: 0 },
     _parent: null,
     _host: null,
     _readableState: 
      { objectMode: false,
        highWaterMark: 16384,
        buffer: [],
        length: 0,
        pipes: null,
        pipesCount: 0,
        flowing: true,
        ended: false,
        endEmitted: false,
        reading: false,
        sync: false,
        needReadable: true,
        emittedReadable: false,
        readableListening: false,
        defaultEncoding: 'utf8',
        ranOut: false,
        awaitDrain: 0,
        readingMore: false,
        decoder: null,
        encoding: null,
        resumeScheduled: false },
     readable: true,
     domain: null,
     _events: 
      { end: [Object],
        finish: [Function: onSocketFinish],
        _socketEnd: [Function: onSocketEnd],
        drain: [Object],
        timeout: [Function],
        error: [Function: socketOnError],
        close: [Object],
        data: [Function: socketOnData] },
     _maxListeners: undefined,
     _writableState: 
      { objectMode: false,
        highWaterMark: 16384,
        needDrain: false,
        ending: false,
        ended: false,
        finished: false,
        decodeStrings: false,
        defaultEncoding: 'utf8',
        length: 0,
        writing: false,
        corked: 0,
        sync: true,
        bufferProcessing: false,
        onwrite: [Function],
        writecb: null,
        writelen: 0,
        bufferedRequest: null,
        lastBufferedRequest: null,
        pendingcb: 0,
        prefinished: false,
        errorEmitted: false },
     writable: true,
     allowHalfOpen: true,
     destroyed: false,
     bytesRead: 831,
     _bytesDispatched: 0,
     _pendingData: null,
     _pendingEncoding: '',
     server: 
      { domain: null,
        _events: [Object],
        _maxListeners: undefined,
        _connections: 1,
        _handle: [Object],
        _usingSlaves: false,
        _slaves: [],
        allowHalfOpen: true,
        pauseOnConnect: false,
        httpAllowHalfOpen: false,
        timeout: 120000,
        _connectionKey: '4:null:3000' },
     _idleTimeout: 120000,
     _idleNext: { _idleNext: [Circular], _idlePrev: [Circular] },
     _idlePrev: { _idleNext: [Circular], _idlePrev: [Circular] },
     _idleStart: 14003695,
     parser: 
      { '0': [Function: parserOnHeaders],
        '1': [Function: parserOnHeadersComplete],
        '2': [Function: parserOnBody],
        '3': [Function: parserOnMessageComplete],
        _headers: [],
        _url: '',
        socket: [Circular],
        incoming: [Circular],
        maxHeaderPairs: 2000,
        onIncoming: [Function: parserOnIncoming] },
     _paused: false,
     read: [Function],
     _consuming: true,
     _httpMessage: 
      { domain: null,
        _events: [Object],
        _maxListeners: undefined,
        output: [],
        outputEncodings: [],
        outputCallbacks: [],
        writable: true,
        _last: false,
        chunkedEncoding: false,
        shouldKeepAlive: true,
        useChunkedEncodingByDefault: true,
        sendDate: true,
        _removedHeader: {},
        _hasBody: true,
        _trailer: '',
        finished: false,
        _hangupClose: false,
        _headerSent: false,
        socket: [Circular],
        connection: [Circular],
        _header: null,
        _headers: [Object],
        _headerNames: [Object],
        req: [Circular],
        locals: {} } },
  _consuming: false,
  _dumped: false,
  next: [Function: next],
  baseUrl: '',
  originalUrl: '/capture?callback=jQuery21402898668961133808_1448545519167',
  _parsedUrl: 
   { protocol: null,
     slashes: null,
     auth: null,
     host: null,
     port: null,
     hostname: null,
     hash: null,
     search: '?callback=jQuery21402898668961133808_1448545519167',
     query: 'callback=jQuery21402898668961133808_1448545519167',
     pathname: '/capture',
     path: '/capture?callback=jQuery21402898668961133808_1448545519167',
     href: '/capture?callback=jQuery21402898668961133808_1448545519167',
     _raw: '/capture?callback=jQuery21402898668961133808_1448545519167' },
  params: {},
  query: { callback: 'jQuery21402898668961133808_1448545519167' },
  res: 
   { domain: null,
     _events: { prefinish: [Function: resOnFinish] },
     _maxListeners: undefined,
     output: [],
     outputEncodings: [],
     outputCallbacks: [],
     writable: true,
     _last: false,
     chunkedEncoding: false,
     shouldKeepAlive: true,
     useChunkedEncodingByDefault: true,
     sendDate: true,
     _removedHeader: {},
     _hasBody: true,
     _trailer: '',
     finished: false,
     _hangupClose: false,
     _headerSent: false,
     socket: 
      { _connecting: false,
        _hadError: false,
        _handle: [Object],
        _parent: null,
        _host: null,
        _readableState: [Object],
        readable: true,
        domain: null,
        _events: [Object],
        _maxListeners: undefined,
        _writableState: [Object],
        writable: true,
        allowHalfOpen: true,
        destroyed: false,
        bytesRead: 831,
        _bytesDispatched: 0,
        _pendingData: null,
        _pendingEncoding: '',
        server: [Object],
        _idleTimeout: 120000,
        _idleNext: [Object],
        _idlePrev: [Object],
        _idleStart: 14003695,
        parser: [Object],
        _paused: false,
        read: [Function],
        _consuming: true,
        _httpMessage: [Circular] },
     connection: 
      { _connecting: false,
        _hadError: false,
        _handle: [Object],
        _parent: null,
        _host: null,
        _readableState: [Object],
        readable: true,
        domain: null,
        _events: [Object],
        _maxListeners: undefined,
        _writableState: [Object],
        writable: true,
        allowHalfOpen: true,
        destroyed: false,
        bytesRead: 831,
        _bytesDispatched: 0,
        _pendingData: null,
        _pendingEncoding: '',
        server: [Object],
        _idleTimeout: 120000,
        _idleNext: [Object],
        _idlePrev: [Object],
        _idleStart: 14003695,
        parser: [Object],
        _paused: false,
        read: [Function],
        _consuming: true,
        _httpMessage: [Circular] },
     _header: null,
     _headers: { 'x-powered-by': 'Express' },
     _headerNames: { 'x-powered-by': 'X-Powered-By' },
     req: [Circular],
     locals: {} },
  body: {},
  route: 
   { path: '/capture',
     stack: [ [Object] ],
     methods: { post: true } } } { domain: null,
  _events: { prefinish: [Function: resOnFinish] },
  _maxListeners: undefined,
  output: [],
  outputEncodings: [],
  outputCallbacks: [],
  writable: true,
  _last: false,
  chunkedEncoding: false,
  shouldKeepAlive: true,
  useChunkedEncodingByDefault: true,
  sendDate: true,
  _removedHeader: {},
  _hasBody: true,
  _trailer: '',
  finished: false,
  _hangupClose: false,
  _headerSent: false,
  socket: 
   { _connecting: false,
     _hadError: false,
     _handle: 
      { fd: 13,
        reading: true,
        owner: [Circular],
        onread: [Function: onread],
        onconnection: null,
        writeQueueSize: 0 },
     _parent: null,
     _host: null,
     _readableState: 
      { objectMode: false,
        highWaterMark: 16384,
        buffer: [],
        length: 0,
        pipes: null,
        pipesCount: 0,
        flowing: true,
        ended: false,
        endEmitted: false,
        reading: false,
        sync: false,
        needReadable: true,
        emittedReadable: false,
        readableListening: false,
        defaultEncoding: 'utf8',
        ranOut: false,
        awaitDrain: 0,
        readingMore: false,
        decoder: null,
        encoding: null,
        resumeScheduled: false },
     readable: true,
     domain: null,
     _events: 
      { end: [Object],
        finish: [Function: onSocketFinish],
        _socketEnd: [Function: onSocketEnd],
        drain: [Object],
        timeout: [Function],
        error: [Function: socketOnError],
        close: [Object],
        data: [Function: socketOnData] },
     _maxListeners: undefined,
     _writableState: 
      { objectMode: false,
        highWaterMark: 16384,
        needDrain: false,
        ending: false,
        ended: false,
        finished: false,
        decodeStrings: false,
        defaultEncoding: 'utf8',
        length: 0,
        writing: false,
        corked: 0,
        sync: true,
        bufferProcessing: false,
        onwrite: [Function],
        writecb: null,
        writelen: 0,
        bufferedRequest: null,
        lastBufferedRequest: null,
        pendingcb: 0,
        prefinished: false,
        errorEmitted: false },
     writable: true,
     allowHalfOpen: true,
     destroyed: false,
     bytesRead: 831,
     _bytesDispatched: 0,
     _pendingData: null,
     _pendingEncoding: '',
     server: 
      { domain: null,
        _events: [Object],
        _maxListeners: undefined,
        _connections: 1,
        _handle: [Object],
        _usingSlaves: false,
        _slaves: [],
        allowHalfOpen: true,
        pauseOnConnect: false,
        httpAllowHalfOpen: false,
        timeout: 120000,
        _connectionKey: '4:null:3000' },
     _idleTimeout: 120000,
     _idleNext: { _idleNext: [Circular], _idlePrev: [Circular] },
     _idlePrev: { _idleNext: [Circular], _idlePrev: [Circular] },
     _idleStart: 14003695,
     parser: 
      { '0': [Function: parserOnHeaders],
        '1': [Function: parserOnHeadersComplete],
        '2': [Function: parserOnBody],
        '3': [Function: parserOnMessageComplete],
        _headers: [],
        _url: '',
        socket: [Circular],
        incoming: [Object],
        maxHeaderPairs: 2000,
        onIncoming: [Function: parserOnIncoming] },
     _paused: false,
     read: [Function],
     _consuming: true,
     _httpMessage: [Circular] },
  connection: 
   { _connecting: false,
     _hadError: false,
     _handle: 
      { fd: 13,
        reading: true,
        owner: [Circular],
        onread: [Function: onread],
        onconnection: null,
        writeQueueSize: 0 },
     _parent: null,
     _host: null,
     _readableState: 
      { objectMode: false,
        highWaterMark: 16384,
        buffer: [],
        length: 0,
        pipes: null,
        pipesCount: 0,
        flowing: true,
        ended: false,
        endEmitted: false,
        reading: false,
        sync: false,
        needReadable: true,
        emittedReadable: false,
        readableListening: false,
        defaultEncoding: 'utf8',
        ranOut: false,
        awaitDrain: 0,
        readingMore: false,
        decoder: null,
        encoding: null,
        resumeScheduled: false },
     readable: true,
     domain: null,
     _events: 
      { end: [Object],
        finish: [Function: onSocketFinish],
        _socketEnd: [Function: onSocketEnd],
        drain: [Object],
        timeout: [Function],
        error: [Function: socketOnError],
        close: [Object],
        data: [Function: socketOnData] },
     _maxListeners: undefined,
     _writableState: 
      { objectMode: false,
        highWaterMark: 16384,
        needDrain: false,
        ending: false,
        ended: false,
        finished: false,
        decodeStrings: false,
        defaultEncoding: 'utf8',
        length: 0,
        writing: false,
        corked: 0,
        sync: true,
        bufferProcessing: false,
        onwrite: [Function],
        writecb: null,
        writelen: 0,
        bufferedRequest: null,
        lastBufferedRequest: null,
        pendingcb: 0,
        prefinished: false,
        errorEmitted: false },
     writable: true,
     allowHalfOpen: true,
     destroyed: false,
     bytesRead: 831,
     _bytesDispatched: 0,
     _pendingData: null,
     _pendingEncoding: '',
     server: 
      { domain: null,
        _events: [Object],
        _maxListeners: undefined,
        _connections: 1,
        _handle: [Object],
        _usingSlaves: false,
        _slaves: [],
        allowHalfOpen: true,
        pauseOnConnect: false,
        httpAllowHalfOpen: false,
        timeout: 120000,
        _connectionKey: '4:null:3000' },
     _idleTimeout: 120000,
     _idleNext: { _idleNext: [Circular], _idlePrev: [Circular] },
     _idlePrev: { _idleNext: [Circular], _idlePrev: [Circular] },
     _idleStart: 14003695,
     parser: 
      { '0': [Function: parserOnHeaders],
        '1': [Function: parserOnHeadersComplete],
        '2': [Function: parserOnBody],
        '3': [Function: parserOnMessageComplete],
        _headers: [],
        _url: '',
        socket: [Circular],
        incoming: [Object],
        maxHeaderPairs: 2000,
        onIncoming: [Function: parserOnIncoming] },
     _paused: false,
     read: [Function],
     _consuming: true,
     _httpMessage: [Circular] },
  _header: null,
  _headers: { 'x-powered-by': 'Express' },
  _headerNames: { 'x-powered-by': 'X-Powered-By' },
  req: 
   { _readableState: 
      { objectMode: false,
        highWaterMark: 16384,
        buffer: [],
        length: 0,
        pipes: null,
        pipesCount: 0,
        flowing: null,
        ended: false,
        endEmitted: false,
        reading: false,
        sync: true,
        needReadable: false,
        emittedReadable: false,
        readableListening: false,
        defaultEncoding: 'utf8',
        ranOut: false,
        awaitDrain: 0,
        readingMore: false,
        decoder: null,
        encoding: null },
     readable: true,
     domain: null,
     _events: {},
     _maxListeners: undefined,
     socket: 
      { _connecting: false,
        _hadError: false,
        _handle: [Object],
        _parent: null,
        _host: null,
        _readableState: [Object],
        readable: true,
        domain: null,
        _events: [Object],
        _maxListeners: undefined,
        _writableState: [Object],
        writable: true,
        allowHalfOpen: true,
        destroyed: false,
        bytesRead: 831,
        _bytesDispatched: 0,
        _pendingData: null,
        _pendingEncoding: '',
        server: [Object],
        _idleTimeout: 120000,
        _idleNext: [Object],
        _idlePrev: [Object],
        _idleStart: 14003695,
        parser: [Object],
        _paused: false,
        read: [Function],
        _consuming: true,
        _httpMessage: [Circular] },
     connection: 
      { _connecting: false,
        _hadError: false,
        _handle: [Object],
        _parent: null,
        _host: null,
        _readableState: [Object],
        readable: true,
        domain: null,
        _events: [Object],
        _maxListeners: undefined,
        _writableState: [Object],
        writable: true,
        allowHalfOpen: true,
        destroyed: false,
        bytesRead: 831,
        _bytesDispatched: 0,
        _pendingData: null,
        _pendingEncoding: '',
        server: [Object],
        _idleTimeout: 120000,
        _idleNext: [Object],
        _idlePrev: [Object],
        _idleStart: 14003695,
        parser: [Object],
        _paused: false,
        read: [Function],
        _consuming: true,
        _httpMessage: [Circular] },
     httpVersionMajor: 1,
     httpVersionMinor: 1,
     httpVersion: '1.1',
     complete: false,
     headers: 
      { host: 'localhost:3000',
        connection: 'keep-alive',
        'content-length': '15',
        pragma: 'no-cache',
        'cache-control': 'no-cache',
        accept: 'text/javascript, application/javascript, application/ecmascript, application/x-ecmascript, */*; q=0.01',
        origin: 'http://localhost:3000',
        'x-requested-with': 'XMLHttpRequest',
        'user-agent': 'Mozilla/5.0 (Macintosh; Intel Mac OS X 10_11_1) AppleWebKit/537.36 (KHTML, like Gecko) Chrome/46.0.2490.86 Safari/537.36',
        'content-type': 'application/json',
        referer: 'http://localhost:3000/',
        'accept-encoding': 'gzip, deflate',
        'accept-language': 'en-US,en;q=0.8,sk;q=0.6,it;q=0.4,sv;q=0.2',
        cookie: 'connect.sid=s%3AxGAUAdatow1M77OKh2hQIKxFWVRo41W1.H%2Fb7NtRRreX%2FogE1YELHjZlYNVErm1OIFXVULQ5hWZo; __olapicU=1446722906380; _ga=GA1.1.807029302.1444130111' },
     rawHeaders: 
      [ 'Host',
        'localhost:3000',
        'Connection',
        'keep-alive',
        'Content-Length',
        '15',
        'Pragma',
        'no-cache',
        'Cache-Control',
        'no-cache',
        'Accept',
        'text/javascript, application/javascript, application/ecmascript, application/x-ecmascript, */*; q=0.01',
        'Origin',
        'http://localhost:3000',
        'X-Requested-With',
        'XMLHttpRequest',
        'User-Agent',
        'Mozilla/5.0 (Macintosh; Intel Mac OS X 10_11_1) AppleWebKit/537.36 (KHTML, like Gecko) Chrome/46.0.2490.86 Safari/537.36',
        'Content-Type',
        'application/json',
        'Referer',
        'http://localhost:3000/',
        'Accept-Encoding',
        'gzip, deflate',
        'Accept-Language',
        'en-US,en;q=0.8,sk;q=0.6,it;q=0.4,sv;q=0.2',
        'Cookie',
        'connect.sid=s%3AxGAUAdatow1M77OKh2hQIKxFWVRo41W1.H%2Fb7NtRRreX%2FogE1YELHjZlYNVErm1OIFXVULQ5hWZo; __olapicU=1446722906380; _ga=GA1.1.807029302.1444130111' ],
     trailers: {},
     rawTrailers: [],
     _pendings: [],
     _pendingIndex: 0,
     upgrade: false,
     url: '/capture?callback=jQuery21402898668961133808_1448545519167',
     method: 'POST',
     statusCode: null,
     statusMessage: null,
     client: 
      { _connecting: false,
        _hadError: false,
        _handle: [Object],
        _parent: null,
        _host: null,
        _readableState: [Object],
        readable: true,
        domain: null,
        _events: [Object],
        _maxListeners: undefined,
        _writableState: [Object],
        writable: true,
        allowHalfOpen: true,
        destroyed: false,
        bytesRead: 831,
        _bytesDispatched: 0,
        _pendingData: null,
        _pendingEncoding: '',
        server: [Object],
        _idleTimeout: 120000,
        _idleNext: [Object],
        _idlePrev: [Object],
        _idleStart: 14003695,
        parser: [Object],
        _paused: false,
        read: [Function],
        _consuming: true,
        _httpMessage: [Circular] },
     _consuming: false,
     _dumped: false,
     next: [Function: next],
     baseUrl: '',
     originalUrl: '/capture?callback=jQuery21402898668961133808_1448545519167',
     _parsedUrl: 
      { protocol: null,
        slashes: null,
        auth: null,
        host: null,
        port: null,
        hostname: null,
        hash: null,
        search: '?callback=jQuery21402898668961133808_1448545519167',
        query: 'callback=jQuery21402898668961133808_1448545519167',
        pathname: '/capture',
        path: '/capture?callback=jQuery21402898668961133808_1448545519167',
        href: '/capture?callback=jQuery21402898668961133808_1448545519167',
        _raw: '/capture?callback=jQuery21402898668961133808_1448545519167' },
     params: {},
     query: { callback: 'jQuery21402898668961133808_1448545519167' },
     res: [Circular],
     body: {},
     route: { path: '/capture', stack: [Object], methods: [Object] } },
  locals: {} } [Function: next]
